2023-04-27 18:36:35,186 DEBUG r.m.s.d.StudentOrderDaoImpl [main] Student_Order:StudentOrder{studentOrderDate=null, studentOrderStatus=null, studentOrderId=1, husband=Adult{passportSer='1234632', passportNum='null', issueDate=2015-01-21, issueDepartment=PassportOffice{officeId=3, officeAreaId='010020000000', officeName='Паспортный стол 2 района 2 города'}, person=null, registerOffice=RegisterOffice{officeId=1, officeAreaId='010010000000', officeName='ЗАГС 1 района 1 города'}, university=University{universityID=2, universityName=''}, studentID='ww31432'} Person{person=null, surName='Orlov', givenName='Sergey', patronymic='Andreevich', dateOfBirth=1991-04-23, address=Address{postIndex='84004', street=Street{streetCode=1, streetName='First street'}, building='12/1', apartment='341', floor='10', extension='null'}}, wife=Adult{passportSer='1436432', passportNum='5243', issueDate=2015-01-21, issueDepartment=PassportOffice{officeId=8, officeAreaId='020020020000', officeName='Паспортный стол Область 2 район 2'}, person=null, registerOffice=RegisterOffice{officeId=1, officeAreaId='010010000000', officeName='ЗАГС 1 района 1 города'}, university=University{universityID=1, universityName='ww3256232'}, studentID='ww40932'} Person{person=null, surName='Orlova', givenName='Ekaterina', patronymic='Tulupova', dateOfBirth=1989-01-01, address=Address{postIndex='84004', street=Street{streetCode=1, streetName='First street'}, building='12/1', apartment='341', floor='10', extension='null'}}, children=[Child{certificateNumber='23098432', issueDate=2012-03-07, issueDepartment=RegisterOffice{officeId=1, officeAreaId='010010000000', officeName='ЗАГС 1 района 1 города'}} Person{person=null, surName='Orlov', givenName='Ivan', patronymic='Sergeevich', dateOfBirth=2012-03-05, address=Address{postIndex='84004', street=Street{streetCode=1, streetName='First street'}, building='12/1', apartment='341', floor='10', extension='null'}}, Child{certificateNumber='23489332', issueDate=2012-05-07, issueDepartment=RegisterOffice{officeId=1, officeAreaId='010010000000', officeName='ЗАГС 1 района 1 города'}} Person{person=null, surName='Orlov', givenName='Artem', patronymic='Sergeevich', dateOfBirth=2013-03-05, address=Address{postIndex='84004', street=Street{streetCode=1, streetName='First street'}, building='12/1', apartment='341', floor='10', extension='null'}}, Child{certificateNumber='948329432', issueDate=2006-12-24, issueDepartment=RegisterOffice{officeId=1, officeAreaId='010010000000', officeName='ЗАГС 1 района 1 города'}} Person{person=null, surName='Orlova', givenName='Anna', patronymic='Sergeevna', dateOfBirth=2006-12-23, address=Address{postIndex='84004', street=Street{streetCode=1, streetName='First street'}, building='12/1', apartment='341', floor='10', extension='null'}}], marriageOffice=RegisterOffice{officeId=1, officeAreaId='010010000000', officeName='ЗАГС 1 района 1 города'}, marriageDate=2003-04-12, marriageCertificateId='1'}
2023-04-27 18:36:35,300 ERROR r.m.s.d.StudentOrderDaoImpl [main] ERROR: null value in column "h_passport_number" of relation "jc_student_order" violates not-null constraint
  Подробности: Failing row contains (1, 0, 2023-04-27 18:36:35.28797, Orlov, Sergey, Andreevich, 1991-04-23, 84004, 1, 12/1, 10, 341, 1234632, null, 2015-01-21, 3, 2, ww31432, Orlova, Ekaterina, Tulupova, 1989-01-01, 84004, 1, 12/1, 10, 341, 1436432, 5243, 2015-01-21, 8, 1, ww40932, 1, 1, 2003-04-12).
org.postgresql.util.PSQLException: ERROR: null value in column "h_passport_number" of relation "jc_student_order" violates not-null constraint
  Подробности: Failing row contains (1, 0, 2023-04-27 18:36:35.28797, Orlov, Sergey, Andreevich, 1991-04-23, 84004, 1, 12/1, 10, 341, 1234632, null, 2015-01-21, 3, 2, ww31432, Orlova, Ekaterina, Tulupova, 1989-01-01, 84004, 1, 12/1, 10, 341, 1436432, 5243, 2015-01-21, 8, 1, ww40932, 1, 1, 2003-04-12).
	at org.postgresql.core.v3.QueryExecutorImpl.receiveErrorResponse(QueryExecutorImpl.java:2713) ~[postgresql-42.6.0.jar:42.6.0]
	at org.postgresql.core.v3.QueryExecutorImpl.processResults(QueryExecutorImpl.java:2401) ~[postgresql-42.6.0.jar:42.6.0]
	at org.postgresql.core.v3.QueryExecutorImpl.execute(QueryExecutorImpl.java:368) ~[postgresql-42.6.0.jar:42.6.0]
	at org.postgresql.jdbc.PgStatement.executeInternal(PgStatement.java:498) ~[postgresql-42.6.0.jar:42.6.0]
	at org.postgresql.jdbc.PgStatement.execute(PgStatement.java:415) ~[postgresql-42.6.0.jar:42.6.0]
	at org.postgresql.jdbc.PgPreparedStatement.executeWithFlags(PgPreparedStatement.java:190) ~[postgresql-42.6.0.jar:42.6.0]
	at org.postgresql.jdbc.PgPreparedStatement.executeUpdate(PgPreparedStatement.java:152) ~[postgresql-42.6.0.jar:42.6.0]
	at ru.my_first_project.student_order.dao.StudentOrderDaoImpl.saveStudentOrder(StudentOrderDaoImpl.java:95) [classes/:?]
	at ru.my_first_project.student_order.dao.StudentOrderDaoImplTest.saveStudentOrderError(StudentOrderDaoImplTest.java:37) [test-classes/:?]
	at jdk.internal.reflect.DirectMethodHandleAccessor.invoke(DirectMethodHandleAccessor.java:104) ~[?:?]
	at java.lang.reflect.Method.invoke(Method.java:578) ~[?:?]
	at org.junit.runners.model.FrameworkMethod$1.runReflectiveCall(FrameworkMethod.java:59) [junit-4.13.2.jar:4.13.2]
	at org.junit.internal.runners.model.ReflectiveCallable.run(ReflectiveCallable.java:12) [junit-4.13.2.jar:4.13.2]
	at org.junit.runners.model.FrameworkMethod.invokeExplosively(FrameworkMethod.java:56) [junit-4.13.2.jar:4.13.2]
	at org.junit.internal.runners.statements.InvokeMethod.evaluate(InvokeMethod.java:17) [junit-4.13.2.jar:4.13.2]
	at org.junit.internal.runners.statements.ExpectException.evaluate(ExpectException.java:19) [junit-4.13.2.jar:4.13.2]
	at org.junit.runners.ParentRunner$3.evaluate(ParentRunner.java:306) [junit-4.13.2.jar:4.13.2]
	at org.junit.runners.BlockJUnit4ClassRunner$1.evaluate(BlockJUnit4ClassRunner.java:100) [junit-4.13.2.jar:4.13.2]
	at org.junit.runners.ParentRunner.runLeaf(ParentRunner.java:366) [junit-4.13.2.jar:4.13.2]
	at org.junit.runners.BlockJUnit4ClassRunner.runChild(BlockJUnit4ClassRunner.java:103) [junit-4.13.2.jar:4.13.2]
	at org.junit.runners.BlockJUnit4ClassRunner.runChild(BlockJUnit4ClassRunner.java:63) [junit-4.13.2.jar:4.13.2]
	at org.junit.runners.ParentRunner$4.run(ParentRunner.java:331) [junit-4.13.2.jar:4.13.2]
	at org.junit.runners.ParentRunner$1.schedule(ParentRunner.java:79) [junit-4.13.2.jar:4.13.2]
	at org.junit.runners.ParentRunner.runChildren(ParentRunner.java:329) [junit-4.13.2.jar:4.13.2]
	at org.junit.runners.ParentRunner.access$100(ParentRunner.java:66) [junit-4.13.2.jar:4.13.2]
	at org.junit.runners.ParentRunner$2.evaluate(ParentRunner.java:293) [junit-4.13.2.jar:4.13.2]
	at org.junit.internal.runners.statements.RunBefores.evaluate(RunBefores.java:26) [junit-4.13.2.jar:4.13.2]
	at org.junit.runners.ParentRunner$3.evaluate(ParentRunner.java:306) [junit-4.13.2.jar:4.13.2]
	at org.junit.runners.ParentRunner.run(ParentRunner.java:413) [junit-4.13.2.jar:4.13.2]
	at org.junit.runner.JUnitCore.run(JUnitCore.java:137) [junit-4.13.2.jar:4.13.2]
	at com.intellij.junit4.JUnit4IdeaTestRunner.startRunnerWithArgs(JUnit4IdeaTestRunner.java:69) [junit-rt.jar:?]
	at com.intellij.rt.junit.IdeaTestRunner$Repeater$1.execute(IdeaTestRunner.java:38) [junit-rt.jar:?]
	at com.intellij.rt.execution.junit.TestsRepeater.repeat(TestsRepeater.java:11) [idea_rt.jar:?]
	at com.intellij.rt.junit.IdeaTestRunner$Repeater.startRunnerWithArgs(IdeaTestRunner.java:35) [junit-rt.jar:?]
	at com.intellij.rt.junit.JUnitStarter.prepareStreamsAndStart(JUnitStarter.java:232) [junit-rt.jar:?]
	at com.intellij.rt.junit.JUnitStarter.main(JUnitStarter.java:55) [junit-rt.jar:?]
2023-04-27 18:37:30,833 DEBUG r.m.s.d.StudentOrderDaoImpl [main] Student_Order:StudentOrder{studentOrderDate=null, studentOrderStatus=null, studentOrderId=1, husband=Adult{passportSer='1234632', passportNum='null', issueDate=2015-01-21, issueDepartment=PassportOffice{officeId=3, officeAreaId='010020000000', officeName='Паспортный стол 2 района 2 города'}, person=null, registerOffice=RegisterOffice{officeId=1, officeAreaId='010010000000', officeName='ЗАГС 1 района 1 города'}, university=University{universityID=2, universityName=''}, studentID='ww31432'} Person{person=null, surName='Orlov', givenName='Sergey', patronymic='Andreevich', dateOfBirth=1991-04-23, address=Address{postIndex='84004', street=Street{streetCode=1, streetName='First street'}, building='12/1', apartment='341', floor='10', extension='null'}}, wife=Adult{passportSer='1436432', passportNum='5243', issueDate=2015-01-21, issueDepartment=PassportOffice{officeId=8, officeAreaId='020020020000', officeName='Паспортный стол Область 2 район 2'}, person=null, registerOffice=RegisterOffice{officeId=1, officeAreaId='010010000000', officeName='ЗАГС 1 района 1 города'}, university=University{universityID=1, universityName='ww3256232'}, studentID='ww40932'} Person{person=null, surName='Orlova', givenName='Ekaterina', patronymic='Tulupova', dateOfBirth=1989-01-01, address=Address{postIndex='84004', street=Street{streetCode=1, streetName='First street'}, building='12/1', apartment='341', floor='10', extension='null'}}, children=[Child{certificateNumber='23098432', issueDate=2012-03-07, issueDepartment=RegisterOffice{officeId=1, officeAreaId='010010000000', officeName='ЗАГС 1 района 1 города'}} Person{person=null, surName='Orlov', givenName='Ivan', patronymic='Sergeevich', dateOfBirth=2012-03-05, address=Address{postIndex='84004', street=Street{streetCode=1, streetName='First street'}, building='12/1', apartment='341', floor='10', extension='null'}}, Child{certificateNumber='23489332', issueDate=2012-05-07, issueDepartment=RegisterOffice{officeId=1, officeAreaId='010010000000', officeName='ЗАГС 1 района 1 города'}} Person{person=null, surName='Orlov', givenName='Artem', patronymic='Sergeevich', dateOfBirth=2013-03-05, address=Address{postIndex='84004', street=Street{streetCode=1, streetName='First street'}, building='12/1', apartment='341', floor='10', extension='null'}}, Child{certificateNumber='948329432', issueDate=2006-12-24, issueDepartment=RegisterOffice{officeId=1, officeAreaId='010010000000', officeName='ЗАГС 1 района 1 города'}} Person{person=null, surName='Orlova', givenName='Anna', patronymic='Sergeevna', dateOfBirth=2006-12-23, address=Address{postIndex='84004', street=Street{streetCode=1, streetName='First street'}, building='12/1', apartment='341', floor='10', extension='null'}}], marriageOffice=RegisterOffice{officeId=1, officeAreaId='010010000000', officeName='ЗАГС 1 района 1 города'}, marriageDate=2003-04-12, marriageCertificateId='1'}
2023-04-27 18:37:30,942 ERROR r.m.s.d.StudentOrderDaoImpl [main] ERROR: null value in column "h_passport_number" of relation "jc_student_order" violates not-null constraint
  Подробности: Failing row contains (1, 0, 2023-04-27 18:37:30.93345, Orlov, Sergey, Andreevich, 1991-04-23, 84004, 1, 12/1, 10, 341, 1234632, null, 2015-01-21, 3, 2, ww31432, Orlova, Ekaterina, Tulupova, 1989-01-01, 84004, 1, 12/1, 10, 341, 1436432, 5243, 2015-01-21, 8, 1, ww40932, 1, 1, 2003-04-12).
org.postgresql.util.PSQLException: ERROR: null value in column "h_passport_number" of relation "jc_student_order" violates not-null constraint
  Подробности: Failing row contains (1, 0, 2023-04-27 18:37:30.93345, Orlov, Sergey, Andreevich, 1991-04-23, 84004, 1, 12/1, 10, 341, 1234632, null, 2015-01-21, 3, 2, ww31432, Orlova, Ekaterina, Tulupova, 1989-01-01, 84004, 1, 12/1, 10, 341, 1436432, 5243, 2015-01-21, 8, 1, ww40932, 1, 1, 2003-04-12).
	at org.postgresql.core.v3.QueryExecutorImpl.receiveErrorResponse(QueryExecutorImpl.java:2713) ~[postgresql-42.6.0.jar:42.6.0]
	at org.postgresql.core.v3.QueryExecutorImpl.processResults(QueryExecutorImpl.java:2401) ~[postgresql-42.6.0.jar:42.6.0]
	at org.postgresql.core.v3.QueryExecutorImpl.execute(QueryExecutorImpl.java:368) ~[postgresql-42.6.0.jar:42.6.0]
	at org.postgresql.jdbc.PgStatement.executeInternal(PgStatement.java:498) ~[postgresql-42.6.0.jar:42.6.0]
	at org.postgresql.jdbc.PgStatement.execute(PgStatement.java:415) ~[postgresql-42.6.0.jar:42.6.0]
	at org.postgresql.jdbc.PgPreparedStatement.executeWithFlags(PgPreparedStatement.java:190) ~[postgresql-42.6.0.jar:42.6.0]
	at org.postgresql.jdbc.PgPreparedStatement.executeUpdate(PgPreparedStatement.java:152) ~[postgresql-42.6.0.jar:42.6.0]
	at ru.my_first_project.student_order.dao.StudentOrderDaoImpl.saveStudentOrder(StudentOrderDaoImpl.java:95) [classes/:?]
	at ru.my_first_project.student_order.dao.StudentOrderDaoImplTest.saveStudentOrderError(StudentOrderDaoImplTest.java:37) [test-classes/:?]
	at jdk.internal.reflect.DirectMethodHandleAccessor.invoke(DirectMethodHandleAccessor.java:104) ~[?:?]
	at java.lang.reflect.Method.invoke(Method.java:578) ~[?:?]
	at org.junit.runners.model.FrameworkMethod$1.runReflectiveCall(FrameworkMethod.java:59) [junit-4.13.2.jar:4.13.2]
	at org.junit.internal.runners.model.ReflectiveCallable.run(ReflectiveCallable.java:12) [junit-4.13.2.jar:4.13.2]
	at org.junit.runners.model.FrameworkMethod.invokeExplosively(FrameworkMethod.java:56) [junit-4.13.2.jar:4.13.2]
	at org.junit.internal.runners.statements.InvokeMethod.evaluate(InvokeMethod.java:17) [junit-4.13.2.jar:4.13.2]
	at org.junit.internal.runners.statements.ExpectException.evaluate(ExpectException.java:19) [junit-4.13.2.jar:4.13.2]
	at org.junit.runners.ParentRunner$3.evaluate(ParentRunner.java:306) [junit-4.13.2.jar:4.13.2]
	at org.junit.runners.BlockJUnit4ClassRunner$1.evaluate(BlockJUnit4ClassRunner.java:100) [junit-4.13.2.jar:4.13.2]
	at org.junit.runners.ParentRunner.runLeaf(ParentRunner.java:366) [junit-4.13.2.jar:4.13.2]
	at org.junit.runners.BlockJUnit4ClassRunner.runChild(BlockJUnit4ClassRunner.java:103) [junit-4.13.2.jar:4.13.2]
	at org.junit.runners.BlockJUnit4ClassRunner.runChild(BlockJUnit4ClassRunner.java:63) [junit-4.13.2.jar:4.13.2]
	at org.junit.runners.ParentRunner$4.run(ParentRunner.java:331) [junit-4.13.2.jar:4.13.2]
	at org.junit.runners.ParentRunner$1.schedule(ParentRunner.java:79) [junit-4.13.2.jar:4.13.2]
	at org.junit.runners.ParentRunner.runChildren(ParentRunner.java:329) [junit-4.13.2.jar:4.13.2]
	at org.junit.runners.ParentRunner.access$100(ParentRunner.java:66) [junit-4.13.2.jar:4.13.2]
	at org.junit.runners.ParentRunner$2.evaluate(ParentRunner.java:293) [junit-4.13.2.jar:4.13.2]
	at org.junit.internal.runners.statements.RunBefores.evaluate(RunBefores.java:26) [junit-4.13.2.jar:4.13.2]
	at org.junit.runners.ParentRunner$3.evaluate(ParentRunner.java:306) [junit-4.13.2.jar:4.13.2]
	at org.junit.runners.ParentRunner.run(ParentRunner.java:413) [junit-4.13.2.jar:4.13.2]
	at org.junit.runner.JUnitCore.run(JUnitCore.java:137) [junit-4.13.2.jar:4.13.2]
	at com.intellij.junit4.JUnit4IdeaTestRunner.startRunnerWithArgs(JUnit4IdeaTestRunner.java:69) [junit-rt.jar:?]
	at com.intellij.rt.junit.IdeaTestRunner$Repeater$1.execute(IdeaTestRunner.java:38) [junit-rt.jar:?]
	at com.intellij.rt.execution.junit.TestsRepeater.repeat(TestsRepeater.java:11) [idea_rt.jar:?]
	at com.intellij.rt.junit.IdeaTestRunner$Repeater.startRunnerWithArgs(IdeaTestRunner.java:35) [junit-rt.jar:?]
	at com.intellij.rt.junit.JUnitStarter.prepareStreamsAndStart(JUnitStarter.java:232) [junit-rt.jar:?]
	at com.intellij.rt.junit.JUnitStarter.main(JUnitStarter.java:55) [junit-rt.jar:?]
2023-04-27 18:38:10,822 DEBUG r.m.s.d.StudentOrderDaoImpl [main] Student_Order:StudentOrder{studentOrderDate=null, studentOrderStatus=null, studentOrderId=1, husband=Adult{passportSer='1234632', passportNum='null', issueDate=2015-01-21, issueDepartment=PassportOffice{officeId=3, officeAreaId='010020000000', officeName='Паспортный стол 2 района 2 города'}, person=null, registerOffice=RegisterOffice{officeId=1, officeAreaId='010010000000', officeName='ЗАГС 1 района 1 города'}, university=University{universityID=2, universityName=''}, studentID='ww31432'} Person{person=null, surName='Orlov', givenName='Sergey', patronymic='Andreevich', dateOfBirth=1991-04-23, address=Address{postIndex='84004', street=Street{streetCode=1, streetName='First street'}, building='12/1', apartment='341', floor='10', extension='null'}}, wife=Adult{passportSer='1436432', passportNum='5243', issueDate=2015-01-21, issueDepartment=PassportOffice{officeId=8, officeAreaId='020020020000', officeName='Паспортный стол Область 2 район 2'}, person=null, registerOffice=RegisterOffice{officeId=1, officeAreaId='010010000000', officeName='ЗАГС 1 района 1 города'}, university=University{universityID=1, universityName='ww3256232'}, studentID='ww40932'} Person{person=null, surName='Orlova', givenName='Ekaterina', patronymic='Tulupova', dateOfBirth=1989-01-01, address=Address{postIndex='84004', street=Street{streetCode=1, streetName='First street'}, building='12/1', apartment='341', floor='10', extension='null'}}, children=[Child{certificateNumber='23098432', issueDate=2012-03-07, issueDepartment=RegisterOffice{officeId=1, officeAreaId='010010000000', officeName='ЗАГС 1 района 1 города'}} Person{person=null, surName='Orlov', givenName='Ivan', patronymic='Sergeevich', dateOfBirth=2012-03-05, address=Address{postIndex='84004', street=Street{streetCode=1, streetName='First street'}, building='12/1', apartment='341', floor='10', extension='null'}}, Child{certificateNumber='23489332', issueDate=2012-05-07, issueDepartment=RegisterOffice{officeId=1, officeAreaId='010010000000', officeName='ЗАГС 1 района 1 города'}} Person{person=null, surName='Orlov', givenName='Artem', patronymic='Sergeevich', dateOfBirth=2013-03-05, address=Address{postIndex='84004', street=Street{streetCode=1, streetName='First street'}, building='12/1', apartment='341', floor='10', extension='null'}}, Child{certificateNumber='948329432', issueDate=2006-12-24, issueDepartment=RegisterOffice{officeId=1, officeAreaId='010010000000', officeName='ЗАГС 1 района 1 города'}} Person{person=null, surName='Orlova', givenName='Anna', patronymic='Sergeevna', dateOfBirth=2006-12-23, address=Address{postIndex='84004', street=Street{streetCode=1, streetName='First street'}, building='12/1', apartment='341', floor='10', extension='null'}}], marriageOffice=RegisterOffice{officeId=1, officeAreaId='010010000000', officeName='ЗАГС 1 района 1 города'}, marriageDate=2003-04-12, marriageCertificateId='1'}
2023-04-27 18:38:10,941 ERROR r.m.s.d.StudentOrderDaoImpl [main] ERROR: null value in column "h_passport_number" of relation "jc_student_order" violates not-null constraint
  Подробности: Failing row contains (1, 0, 2023-04-27 18:38:10.930914, Orlov, Sergey, Andreevich, 1991-04-23, 84004, 1, 12/1, 10, 341, 1234632, null, 2015-01-21, 3, 2, ww31432, Orlova, Ekaterina, Tulupova, 1989-01-01, 84004, 1, 12/1, 10, 341, 1436432, 5243, 2015-01-21, 8, 1, ww40932, 1, 1, 2003-04-12).
org.postgresql.util.PSQLException: ERROR: null value in column "h_passport_number" of relation "jc_student_order" violates not-null constraint
  Подробности: Failing row contains (1, 0, 2023-04-27 18:38:10.930914, Orlov, Sergey, Andreevich, 1991-04-23, 84004, 1, 12/1, 10, 341, 1234632, null, 2015-01-21, 3, 2, ww31432, Orlova, Ekaterina, Tulupova, 1989-01-01, 84004, 1, 12/1, 10, 341, 1436432, 5243, 2015-01-21, 8, 1, ww40932, 1, 1, 2003-04-12).
	at org.postgresql.core.v3.QueryExecutorImpl.receiveErrorResponse(QueryExecutorImpl.java:2713) ~[postgresql-42.6.0.jar:42.6.0]
	at org.postgresql.core.v3.QueryExecutorImpl.processResults(QueryExecutorImpl.java:2401) ~[postgresql-42.6.0.jar:42.6.0]
	at org.postgresql.core.v3.QueryExecutorImpl.execute(QueryExecutorImpl.java:368) ~[postgresql-42.6.0.jar:42.6.0]
	at org.postgresql.jdbc.PgStatement.executeInternal(PgStatement.java:498) ~[postgresql-42.6.0.jar:42.6.0]
	at org.postgresql.jdbc.PgStatement.execute(PgStatement.java:415) ~[postgresql-42.6.0.jar:42.6.0]
	at org.postgresql.jdbc.PgPreparedStatement.executeWithFlags(PgPreparedStatement.java:190) ~[postgresql-42.6.0.jar:42.6.0]
	at org.postgresql.jdbc.PgPreparedStatement.executeUpdate(PgPreparedStatement.java:152) ~[postgresql-42.6.0.jar:42.6.0]
	at ru.my_first_project.student_order.dao.StudentOrderDaoImpl.saveStudentOrder(StudentOrderDaoImpl.java:95) [classes/:?]
	at ru.my_first_project.student_order.dao.StudentOrderDaoImplTest.saveStudentOrderError(StudentOrderDaoImplTest.java:37) [test-classes/:?]
	at jdk.internal.reflect.DirectMethodHandleAccessor.invoke(DirectMethodHandleAccessor.java:104) ~[?:?]
	at java.lang.reflect.Method.invoke(Method.java:578) ~[?:?]
	at org.junit.runners.model.FrameworkMethod$1.runReflectiveCall(FrameworkMethod.java:59) [junit-4.13.2.jar:4.13.2]
	at org.junit.internal.runners.model.ReflectiveCallable.run(ReflectiveCallable.java:12) [junit-4.13.2.jar:4.13.2]
	at org.junit.runners.model.FrameworkMethod.invokeExplosively(FrameworkMethod.java:56) [junit-4.13.2.jar:4.13.2]
	at org.junit.internal.runners.statements.InvokeMethod.evaluate(InvokeMethod.java:17) [junit-4.13.2.jar:4.13.2]
	at org.junit.internal.runners.statements.ExpectException.evaluate(ExpectException.java:19) [junit-4.13.2.jar:4.13.2]
	at org.junit.runners.ParentRunner$3.evaluate(ParentRunner.java:306) [junit-4.13.2.jar:4.13.2]
	at org.junit.runners.BlockJUnit4ClassRunner$1.evaluate(BlockJUnit4ClassRunner.java:100) [junit-4.13.2.jar:4.13.2]
	at org.junit.runners.ParentRunner.runLeaf(ParentRunner.java:366) [junit-4.13.2.jar:4.13.2]
	at org.junit.runners.BlockJUnit4ClassRunner.runChild(BlockJUnit4ClassRunner.java:103) [junit-4.13.2.jar:4.13.2]
	at org.junit.runners.BlockJUnit4ClassRunner.runChild(BlockJUnit4ClassRunner.java:63) [junit-4.13.2.jar:4.13.2]
	at org.junit.runners.ParentRunner$4.run(ParentRunner.java:331) [junit-4.13.2.jar:4.13.2]
	at org.junit.runners.ParentRunner$1.schedule(ParentRunner.java:79) [junit-4.13.2.jar:4.13.2]
	at org.junit.runners.ParentRunner.runChildren(ParentRunner.java:329) [junit-4.13.2.jar:4.13.2]
	at org.junit.runners.ParentRunner.access$100(ParentRunner.java:66) [junit-4.13.2.jar:4.13.2]
	at org.junit.runners.ParentRunner$2.evaluate(ParentRunner.java:293) [junit-4.13.2.jar:4.13.2]
	at org.junit.internal.runners.statements.RunBefores.evaluate(RunBefores.java:26) [junit-4.13.2.jar:4.13.2]
	at org.junit.runners.ParentRunner$3.evaluate(ParentRunner.java:306) [junit-4.13.2.jar:4.13.2]
	at org.junit.runners.ParentRunner.run(ParentRunner.java:413) [junit-4.13.2.jar:4.13.2]
	at org.junit.runner.JUnitCore.run(JUnitCore.java:137) [junit-4.13.2.jar:4.13.2]
	at com.intellij.junit4.JUnit4IdeaTestRunner.startRunnerWithArgs(JUnit4IdeaTestRunner.java:69) [junit-rt.jar:?]
	at com.intellij.rt.junit.IdeaTestRunner$Repeater$1.execute(IdeaTestRunner.java:38) [junit-rt.jar:?]
	at com.intellij.rt.execution.junit.TestsRepeater.repeat(TestsRepeater.java:11) [idea_rt.jar:?]
	at com.intellij.rt.junit.IdeaTestRunner$Repeater.startRunnerWithArgs(IdeaTestRunner.java:35) [junit-rt.jar:?]
	at com.intellij.rt.junit.JUnitStarter.prepareStreamsAndStart(JUnitStarter.java:232) [junit-rt.jar:?]
	at com.intellij.rt.junit.JUnitStarter.main(JUnitStarter.java:55) [junit-rt.jar:?]
